f:\qtproject\qtwidgetsapplication12\qtwidgetsapplication12\release\qrc_qtwidgetsapplication12.obj
f:\qtproject\qtwidgetsapplication12\qtwidgetsapplication12\release\moc_qtwidgetsapplication12.obj
f:\qtproject\qtwidgetsapplication12\qtwidgetsapplication12\release\main.obj
f:\qtproject\qtwidgetsapplication12\release\qtwidgetsapplication12.exe
f:\qtproject\qtwidgetsapplication12\qtwidgetsapplication12\release\moc\moc_qtwidgetsapplication12.cpp
f:\qtproject\qtwidgetsapplication12\qtwidgetsapplication12\release\uic\ui_qtwidgetsapplication12.h
f:\qtproject\qtwidgetsapplication12\qtwidgetsapplication12\release\rcc\qrc_qtwidgetsapplication12.cpp
f:\qtproject\qtwidgetsapplication12\qtwidgetsapplication12\release\qtwidget.56a6f821.tlog\cl.command.1.tlog
f:\qtproject\qtwidgetsapplication12\qtwidgetsapplication12\release\qtwidget.56a6f821.tlog\cl.read.1.tlog
f:\qtproject\qtwidgetsapplication12\qtwidgetsapplication12\release\qtwidget.56a6f821.tlog\cl.write.1.tlog
f:\qtproject\qtwidgetsapplication12\qtwidgetsapplication12\release\qtwidget.56a6f821.tlog\link.command.1.tlog
f:\qtproject\qtwidgetsapplication12\qtwidgetsapplication12\release\qtwidget.56a6f821.tlog\link.read.1.tlog
f:\qtproject\qtwidgetsapplication12\qtwidgetsapplication12\release\qtwidget.56a6f821.tlog\link.write.1.tlog
f:\qtproject\qtwidgetsapplication12\qtwidgetsapplication12\release\qtwidget.56a6f821.tlog\moc.read.1u.tlog
f:\qtproject\qtwidgetsapplication12\qtwidgetsapplication12\release\qtwidget.56a6f821.tlog\moc.write.1u.tlog
f:\qtproject\qtwidgetsapplication12\qtwidgetsapplication12\release\qtwidget.56a6f821.tlog\qtwidgetsapplication12.write.1u.tlog
f:\qtproject\qtwidgetsapplication12\qtwidgetsapplication12\release\qtwidget.56a6f821.tlog\rcc.read.1u.tlog
f:\qtproject\qtwidgetsapplication12\qtwidgetsapplication12\release\qtwidget.56a6f821.tlog\rcc.write.1u.tlog
f:\qtproject\qtwidgetsapplication12\qtwidgetsapplication12\release\qtwidget.56a6f821.tlog\uic.read.1u.tlog
f:\qtproject\qtwidgetsapplication12\qtwidgetsapplication12\release\qtwidget.56a6f821.tlog\uic.write.1u.tlog
